The system is: Linux - 2.6.18-398.el5 - x86_64
Compiling the C compiler identification source file "CMakeCCompilerId.c" succeeded.
Compiler: /usr/bin/cc 
Build flags: 
Id flags: 

The output was:
0


Compilation of the C compiler identification source "CMakeCCompilerId.c" produced "a.out"

The C compiler identification is GNU, found in "/home/demo/myGit/SystemC-Examples/units/tb_mod/source/sc/tb_reference/plain_C/build/CMakeFiles/3.6.1/CompilerIdC/a.out"

Compiling the CXX compiler identification source file "CMakeCXXCompilerId.cpp" succeeded.
Compiler: /usr/bin/c++ 
Build flags: 
Id flags: 

The output was:
0


Compilation of the CXX compiler identification source "CMakeCXXCompilerId.cpp" produced "a.out"

The CXX compiler identification is GNU, found in "/home/demo/myGit/SystemC-Examples/units/tb_mod/source/sc/tb_reference/plain_C/build/CMakeFiles/3.6.1/CompilerIdCXX/a.out"

Determining if the C compiler works passed with the following output:
Change Dir: /home/demo/myGit/SystemC-Examples/units/tb_mod/source/sc/tb_reference/plain_C/build/CMakeFiles/CMakeTmp

Run Build Command:"/usr/bin/gmake" "cmTC_b7954/fast"
/usr/bin/gmake -f CMakeFiles/cmTC_b7954.dir/build.make CMakeFiles/cmTC_b7954.dir/build
gmake[1]: Entering directory `/home/demo/myGit/SystemC-Examples/units/tb_mod/source/sc/tb_reference/plain_C/build/CMakeFiles/CMakeTmp'
Building C object CMakeFiles/cmTC_b7954.dir/testCCompiler.c.o
/usr/bin/cc     -o CMakeFiles/cmTC_b7954.dir/testCCompiler.c.o   -c /home/demo/myGit/SystemC-Examples/units/tb_mod/source/sc/tb_reference/plain_C/build/CMakeFiles/CMakeTmp/testCCompiler.c
Linking C executable cmTC_b7954
/home/demo/tools/cmake-3.6.1-Linux-x86_64/bin/cmake -E cmake_link_script CMakeFiles/cmTC_b7954.dir/link.txt --verbose=1
/usr/bin/cc       CMakeFiles/cmTC_b7954.dir/testCCompiler.c.o  -o cmTC_b7954 -rdynamic 
gmake[1]: Leaving directory `/home/demo/myGit/SystemC-Examples/units/tb_mod/source/sc/tb_reference/plain_C/build/CMakeFiles/CMakeTmp'


Detecting C compiler ABI info compiled with the following output:
Change Dir: /home/demo/myGit/SystemC-Examples/units/tb_mod/source/sc/tb_reference/plain_C/build/CMakeFiles/CMakeTmp

Run Build Command:"/usr/bin/gmake" "cmTC_acb38/fast"
/usr/bin/gmake -f CMakeFiles/cmTC_acb38.dir/build.make CMakeFiles/cmTC_acb38.dir/build
gmake[1]: Entering directory `/home/demo/myGit/SystemC-Examples/units/tb_mod/source/sc/tb_reference/plain_C/build/CMakeFiles/CMakeTmp'
Building C object CMakeFiles/cmTC_acb38.dir/CMakeCCompilerABI.c.o
/usr/bin/cc     -o CMakeFiles/cmTC_acb38.dir/CMakeCCompilerABI.c.o   -c /home/demo/tools/cmake-3.6.1-Linux-x86_64/share/cmake-3.6/Modules/CMakeCCompilerABI.c
Linking C executable cmTC_acb38
/home/demo/tools/cmake-3.6.1-Linux-x86_64/bin/cmake -E cmake_link_script CMakeFiles/cmTC_acb38.dir/link.txt --verbose=1
/usr/bin/cc      -v CMakeFiles/cmTC_acb38.dir/CMakeCCompilerABI.c.o  -o cmTC_acb38 -rdynamic  
Using built-in specs.
Target: x86_64-redhat-linux
Configured with: ../configure --prefix=/usr --mandir=/usr/share/man --infodir=/usr/share/info --enable-shared --enable-threads=posix --enable-checking=release --with-system-zlib --enable-__cxa_atexit --disable-libunwind-exceptions --enable-libgcj-multifile --enable-languages=c,c++,objc,obj-c++,java,fortran,ada --enable-java-awt=gtk --disable-dssi --disable-plugin --with-java-home=/usr/lib/jvm/java-1.4.2-gcj-1.4.2.0/jre --with-cpu=generic --host=x86_64-redhat-linux
Thread model: posix
gcc version 4.1.2 20080704 (Red Hat 4.1.2-55)
 /usr/libexec/gcc/x86_64-redhat-linux/4.1.2/collect2 --eh-frame-hdr -m elf_x86_64 --hash-style=gnu -export-dynamic -dynamic-linker /lib64/ld-linux-x86-64.so.2 -o cmTC_acb38 /usr/lib/gcc/x86_64-redhat-linux/4.1.2/../../../../lib64/crt1.o /usr/lib/gcc/x86_64-redhat-linux/4.1.2/../../../../lib64/crti.o /usr/lib/gcc/x86_64-redhat-linux/4.1.2/crtbegin.o -L/usr/lib/gcc/x86_64-redhat-linux/4.1.2 -L/usr/lib/gcc/x86_64-redhat-linux/4.1.2 -L/usr/lib/gcc/x86_64-redhat-linux/4.1.2/../../../../lib64 -L/lib/../lib64 -L/usr/lib/../lib64 CMakeFiles/cmTC_acb38.dir/CMakeCCompilerABI.c.o -lgcc --as-needed -lgcc_s --no-as-needed -lc -lgcc --as-needed -lgcc_s --no-as-needed /usr/lib/gcc/x86_64-redhat-linux/4.1.2/crtend.o /usr/lib/gcc/x86_64-redhat-linux/4.1.2/../../../../lib64/crtn.o
gmake[1]: Leaving directory `/home/demo/myGit/SystemC-Examples/units/tb_mod/source/sc/tb_reference/plain_C/build/CMakeFiles/CMakeTmp'


Parsed C implicit link information from above output:
  link line regex: [^( *|.*[/\])(ld|([^/\]+-)?ld|collect2)[^/\]*( |$)]
  ignore line: [Change Dir: /home/demo/myGit/SystemC-Examples/units/tb_mod/source/sc/tb_reference/plain_C/build/CMakeFiles/CMakeTmp]
  ignore line: []
  ignore line: [Run Build Command:"/usr/bin/gmake" "cmTC_acb38/fast"]
  ignore line: [/usr/bin/gmake -f CMakeFiles/cmTC_acb38.dir/build.make CMakeFiles/cmTC_acb38.dir/build]
  ignore line: [gmake[1]: Entering directory `/home/demo/myGit/SystemC-Examples/units/tb_mod/source/sc/tb_reference/plain_C/build/CMakeFiles/CMakeTmp']
  ignore line: [Building C object CMakeFiles/cmTC_acb38.dir/CMakeCCompilerABI.c.o]
  ignore line: [/usr/bin/cc     -o CMakeFiles/cmTC_acb38.dir/CMakeCCompilerABI.c.o   -c /home/demo/tools/cmake-3.6.1-Linux-x86_64/share/cmake-3.6/Modules/CMakeCCompilerABI.c]
  ignore line: [Linking C executable cmTC_acb38]
  ignore line: [/home/demo/tools/cmake-3.6.1-Linux-x86_64/bin/cmake -E cmake_link_script CMakeFiles/cmTC_acb38.dir/link.txt --verbose=1]
  ignore line: [/usr/bin/cc      -v CMakeFiles/cmTC_acb38.dir/CMakeCCompilerABI.c.o  -o cmTC_acb38 -rdynamic  ]
  ignore line: [Using built-in specs.]
  ignore line: [Target: x86_64-redhat-linux]
  ignore line: [Configured with: ../configure --prefix=/usr --mandir=/usr/share/man --infodir=/usr/share/info --enable-shared --enable-threads=posix --enable-checking=release --with-system-zlib --enable-__cxa_atexit --disable-libunwind-exceptions --enable-libgcj-multifile --enable-languages=c,c++,objc,obj-c++,java,fortran,ada --enable-java-awt=gtk --disable-dssi --disable-plugin --with-java-home=/usr/lib/jvm/java-1.4.2-gcj-1.4.2.0/jre --with-cpu=generic --host=x86_64-redhat-linux]
  ignore line: [Thread model: posix]
  ignore line: [gcc version 4.1.2 20080704 (Red Hat 4.1.2-55)]
  link line: [ /usr/libexec/gcc/x86_64-redhat-linux/4.1.2/collect2 --eh-frame-hdr -m elf_x86_64 --hash-style=gnu -export-dynamic -dynamic-linker /lib64/ld-linux-x86-64.so.2 -o cmTC_acb38 /usr/lib/gcc/x86_64-redhat-linux/4.1.2/../../../../lib64/crt1.o /usr/lib/gcc/x86_64-redhat-linux/4.1.2/../../../../lib64/crti.o /usr/lib/gcc/x86_64-redhat-linux/4.1.2/crtbegin.o -L/usr/lib/gcc/x86_64-redhat-linux/4.1.2 -L/usr/lib/gcc/x86_64-redhat-linux/4.1.2 -L/usr/lib/gcc/x86_64-redhat-linux/4.1.2/../../../../lib64 -L/lib/../lib64 -L/usr/lib/../lib64 CMakeFiles/cmTC_acb38.dir/CMakeCCompilerABI.c.o -lgcc --as-needed -lgcc_s --no-as-needed -lc -lgcc --as-needed -lgcc_s --no-as-needed /usr/lib/gcc/x86_64-redhat-linux/4.1.2/crtend.o /usr/lib/gcc/x86_64-redhat-linux/4.1.2/../../../../lib64/crtn.o]
    arg [/usr/libexec/gcc/x86_64-redhat-linux/4.1.2/collect2] ==> ignore
    arg [--eh-frame-hdr] ==> ignore
    arg [-m] ==> ignore
    arg [elf_x86_64] ==> ignore
    arg [--hash-style=gnu] ==> ignore
    arg [-export-dynamic] ==> ignore
    arg [-dynamic-linker] ==> ignore
    arg [/lib64/ld-linux-x86-64.so.2] ==> ignore
    arg [-o] ==> ignore
    arg [cmTC_acb38] ==> ignore
    arg [/usr/lib/gcc/x86_64-redhat-linux/4.1.2/../../../../lib64/crt1.o] ==> ignore
    arg [/usr/lib/gcc/x86_64-redhat-linux/4.1.2/../../../../lib64/crti.o] ==> ignore
    arg [/usr/lib/gcc/x86_64-redhat-linux/4.1.2/crtbegin.o] ==> ignore
    arg [-L/usr/lib/gcc/x86_64-redhat-linux/4.1.2] ==> dir [/usr/lib/gcc/x86_64-redhat-linux/4.1.2]
    arg [-L/usr/lib/gcc/x86_64-redhat-linux/4.1.2] ==> dir [/usr/lib/gcc/x86_64-redhat-linux/4.1.2]
    arg [-L/usr/lib/gcc/x86_64-redhat-linux/4.1.2/../../../../lib64] ==> dir [/usr/lib/gcc/x86_64-redhat-linux/4.1.2/../../../../lib64]
    arg [-L/lib/../lib64] ==> dir [/lib/../lib64]
    arg [-L/usr/lib/../lib64] ==> dir [/usr/lib/../lib64]
    arg [CMakeFiles/cmTC_acb38.dir/CMakeCCompilerABI.c.o] ==> ignore
    arg [-lgcc] ==> lib [gcc]
    arg [--as-needed] ==> ignore
    arg [-lgcc_s] ==> lib [gcc_s]
    arg [--no-as-needed] ==> ignore
    arg [-lc] ==> lib [c]
    arg [-lgcc] ==> lib [gcc]
    arg [--as-needed] ==> ignore
    arg [-lgcc_s] ==> lib [gcc_s]
    arg [--no-as-needed] ==> ignore
    arg [/usr/lib/gcc/x86_64-redhat-linux/4.1.2/crtend.o] ==> ignore
    arg [/usr/lib/gcc/x86_64-redhat-linux/4.1.2/../../../../lib64/crtn.o] ==> ignore
  remove lib [gcc]
  remove lib [gcc_s]
  remove lib [gcc]
  remove lib [gcc_s]
  collapse library dir [/usr/lib/gcc/x86_64-redhat-linux/4.1.2] ==> [/usr/lib/gcc/x86_64-redhat-linux/4.1.2]
  collapse library dir [/usr/lib/gcc/x86_64-redhat-linux/4.1.2] ==> [/usr/lib/gcc/x86_64-redhat-linux/4.1.2]
  collapse library dir [/usr/lib/gcc/x86_64-redhat-linux/4.1.2/../../../../lib64] ==> [/usr/lib64]
  collapse library dir [/lib/../lib64] ==> [/lib64]
  collapse library dir [/usr/lib/../lib64] ==> [/usr/lib64]
  implicit libs: [c]
  implicit dirs: [/usr/lib/gcc/x86_64-redhat-linux/4.1.2;/usr/lib64;/lib64]
  implicit fwks: []


Determining if the CXX compiler works passed with the following output:
Change Dir: /home/demo/myGit/SystemC-Examples/units/tb_mod/source/sc/tb_reference/plain_C/build/CMakeFiles/CMakeTmp

Run Build Command:"/usr/bin/gmake" "cmTC_1cb6e/fast"
/usr/bin/gmake -f CMakeFiles/cmTC_1cb6e.dir/build.make CMakeFiles/cmTC_1cb6e.dir/build
gmake[1]: Entering directory `/home/demo/myGit/SystemC-Examples/units/tb_mod/source/sc/tb_reference/plain_C/build/CMakeFiles/CMakeTmp'
Building CXX object CMakeFiles/cmTC_1cb6e.dir/testCXXCompiler.cxx.o
/usr/bin/c++      -o CMakeFiles/cmTC_1cb6e.dir/testCXXCompiler.cxx.o -c /home/demo/myGit/SystemC-Examples/units/tb_mod/source/sc/tb_reference/plain_C/build/CMakeFiles/CMakeTmp/testCXXCompiler.cxx
Linking CXX executable cmTC_1cb6e
/home/demo/tools/cmake-3.6.1-Linux-x86_64/bin/cmake -E cmake_link_script CMakeFiles/cmTC_1cb6e.dir/link.txt --verbose=1
/usr/bin/c++        CMakeFiles/cmTC_1cb6e.dir/testCXXCompiler.cxx.o  -o cmTC_1cb6e -rdynamic 
gmake[1]: Leaving directory `/home/demo/myGit/SystemC-Examples/units/tb_mod/source/sc/tb_reference/plain_C/build/CMakeFiles/CMakeTmp'


Detecting CXX compiler ABI info compiled with the following output:
Change Dir: /home/demo/myGit/SystemC-Examples/units/tb_mod/source/sc/tb_reference/plain_C/build/CMakeFiles/CMakeTmp

Run Build Command:"/usr/bin/gmake" "cmTC_71ddc/fast"
/usr/bin/gmake -f CMakeFiles/cmTC_71ddc.dir/build.make CMakeFiles/cmTC_71ddc.dir/build
gmake[1]: Entering directory `/home/demo/myGit/SystemC-Examples/units/tb_mod/source/sc/tb_reference/plain_C/build/CMakeFiles/CMakeTmp'
Building CXX object CMakeFiles/cmTC_71ddc.dir/CMakeCXXCompilerABI.cpp.o
/usr/bin/c++      -o CMakeFiles/cmTC_71ddc.dir/CMakeCXXCompilerABI.cpp.o -c /home/demo/tools/cmake-3.6.1-Linux-x86_64/share/cmake-3.6/Modules/CMakeCXXCompilerABI.cpp
Linking CXX executable cmTC_71ddc
/home/demo/tools/cmake-3.6.1-Linux-x86_64/bin/cmake -E cmake_link_script CMakeFiles/cmTC_71ddc.dir/link.txt --verbose=1
/usr/bin/c++       -v CMakeFiles/cmTC_71ddc.dir/CMakeCXXCompilerABI.cpp.o  -o cmTC_71ddc -rdynamic  
Using built-in specs.
Target: x86_64-redhat-linux
Configured with: ../configure --prefix=/usr --mandir=/usr/share/man --infodir=/usr/share/info --enable-shared --enable-threads=posix --enable-checking=release --with-system-zlib --enable-__cxa_atexit --disable-libunwind-exceptions --enable-libgcj-multifile --enable-languages=c,c++,objc,obj-c++,java,fortran,ada --enable-java-awt=gtk --disable-dssi --disable-plugin --with-java-home=/usr/lib/jvm/java-1.4.2-gcj-1.4.2.0/jre --with-cpu=generic --host=x86_64-redhat-linux
Thread model: posix
gcc version 4.1.2 20080704 (Red Hat 4.1.2-55)
 /usr/libexec/gcc/x86_64-redhat-linux/4.1.2/collect2 --eh-frame-hdr -m elf_x86_64 --hash-style=gnu -export-dynamic -dynamic-linker /lib64/ld-linux-x86-64.so.2 -o cmTC_71ddc /usr/lib/gcc/x86_64-redhat-linux/4.1.2/../../../../lib64/crt1.o /usr/lib/gcc/x86_64-redhat-linux/4.1.2/../../../../lib64/crti.o /usr/lib/gcc/x86_64-redhat-linux/4.1.2/crtbegin.o -L/usr/lib/gcc/x86_64-redhat-linux/4.1.2 -L/usr/lib/gcc/x86_64-redhat-linux/4.1.2 -L/usr/lib/gcc/x86_64-redhat-linux/4.1.2/../../../../lib64 -L/lib/../lib64 -L/usr/lib/../lib64 CMakeFiles/cmTC_71ddc.dir/CMakeCXXCompilerABI.cpp.o -lstdc++ -lm -lgcc_s -lgcc -lc -lgcc_s -lgcc /usr/lib/gcc/x86_64-redhat-linux/4.1.2/crtend.o /usr/lib/gcc/x86_64-redhat-linux/4.1.2/../../../../lib64/crtn.o
gmake[1]: Leaving directory `/home/demo/myGit/SystemC-Examples/units/tb_mod/source/sc/tb_reference/plain_C/build/CMakeFiles/CMakeTmp'


Parsed CXX implicit link information from above output:
  link line regex: [^( *|.*[/\])(ld|([^/\]+-)?ld|collect2)[^/\]*( |$)]
  ignore line: [Change Dir: /home/demo/myGit/SystemC-Examples/units/tb_mod/source/sc/tb_reference/plain_C/build/CMakeFiles/CMakeTmp]
  ignore line: []
  ignore line: [Run Build Command:"/usr/bin/gmake" "cmTC_71ddc/fast"]
  ignore line: [/usr/bin/gmake -f CMakeFiles/cmTC_71ddc.dir/build.make CMakeFiles/cmTC_71ddc.dir/build]
  ignore line: [gmake[1]: Entering directory `/home/demo/myGit/SystemC-Examples/units/tb_mod/source/sc/tb_reference/plain_C/build/CMakeFiles/CMakeTmp']
  ignore line: [Building CXX object CMakeFiles/cmTC_71ddc.dir/CMakeCXXCompilerABI.cpp.o]
  ignore line: [/usr/bin/c++      -o CMakeFiles/cmTC_71ddc.dir/CMakeCXXCompilerABI.cpp.o -c /home/demo/tools/cmake-3.6.1-Linux-x86_64/share/cmake-3.6/Modules/CMakeCXXCompilerABI.cpp]
  ignore line: [Linking CXX executable cmTC_71ddc]
  ignore line: [/home/demo/tools/cmake-3.6.1-Linux-x86_64/bin/cmake -E cmake_link_script CMakeFiles/cmTC_71ddc.dir/link.txt --verbose=1]
  ignore line: [/usr/bin/c++       -v CMakeFiles/cmTC_71ddc.dir/CMakeCXXCompilerABI.cpp.o  -o cmTC_71ddc -rdynamic  ]
  ignore line: [Using built-in specs.]
  ignore line: [Target: x86_64-redhat-linux]
  ignore line: [Configured with: ../configure --prefix=/usr --mandir=/usr/share/man --infodir=/usr/share/info --enable-shared --enable-threads=posix --enable-checking=release --with-system-zlib --enable-__cxa_atexit --disable-libunwind-exceptions --enable-libgcj-multifile --enable-languages=c,c++,objc,obj-c++,java,fortran,ada --enable-java-awt=gtk --disable-dssi --disable-plugin --with-java-home=/usr/lib/jvm/java-1.4.2-gcj-1.4.2.0/jre --with-cpu=generic --host=x86_64-redhat-linux]
  ignore line: [Thread model: posix]
  ignore line: [gcc version 4.1.2 20080704 (Red Hat 4.1.2-55)]
  link line: [ /usr/libexec/gcc/x86_64-redhat-linux/4.1.2/collect2 --eh-frame-hdr -m elf_x86_64 --hash-style=gnu -export-dynamic -dynamic-linker /lib64/ld-linux-x86-64.so.2 -o cmTC_71ddc /usr/lib/gcc/x86_64-redhat-linux/4.1.2/../../../../lib64/crt1.o /usr/lib/gcc/x86_64-redhat-linux/4.1.2/../../../../lib64/crti.o /usr/lib/gcc/x86_64-redhat-linux/4.1.2/crtbegin.o -L/usr/lib/gcc/x86_64-redhat-linux/4.1.2 -L/usr/lib/gcc/x86_64-redhat-linux/4.1.2 -L/usr/lib/gcc/x86_64-redhat-linux/4.1.2/../../../../lib64 -L/lib/../lib64 -L/usr/lib/../lib64 CMakeFiles/cmTC_71ddc.dir/CMakeCXXCompilerABI.cpp.o -lstdc++ -lm -lgcc_s -lgcc -lc -lgcc_s -lgcc /usr/lib/gcc/x86_64-redhat-linux/4.1.2/crtend.o /usr/lib/gcc/x86_64-redhat-linux/4.1.2/../../../../lib64/crtn.o]
    arg [/usr/libexec/gcc/x86_64-redhat-linux/4.1.2/collect2] ==> ignore
    arg [--eh-frame-hdr] ==> ignore
    arg [-m] ==> ignore
    arg [elf_x86_64] ==> ignore
    arg [--hash-style=gnu] ==> ignore
    arg [-export-dynamic] ==> ignore
    arg [-dynamic-linker] ==> ignore
    arg [/lib64/ld-linux-x86-64.so.2] ==> ignore
    arg [-o] ==> ignore
    arg [cmTC_71ddc] ==> ignore
    arg [/usr/lib/gcc/x86_64-redhat-linux/4.1.2/../../../../lib64/crt1.o] ==> ignore
    arg [/usr/lib/gcc/x86_64-redhat-linux/4.1.2/../../../../lib64/crti.o] ==> ignore
    arg [/usr/lib/gcc/x86_64-redhat-linux/4.1.2/crtbegin.o] ==> ignore
    arg [-L/usr/lib/gcc/x86_64-redhat-linux/4.1.2] ==> dir [/usr/lib/gcc/x86_64-redhat-linux/4.1.2]
    arg [-L/usr/lib/gcc/x86_64-redhat-linux/4.1.2] ==> dir [/usr/lib/gcc/x86_64-redhat-linux/4.1.2]
    arg [-L/usr/lib/gcc/x86_64-redhat-linux/4.1.2/../../../../lib64] ==> dir [/usr/lib/gcc/x86_64-redhat-linux/4.1.2/../../../../lib64]
    arg [-L/lib/../lib64] ==> dir [/lib/../lib64]
    arg [-L/usr/lib/../lib64] ==> dir [/usr/lib/../lib64]
    arg [CMakeFiles/cmTC_71ddc.dir/CMakeCXXCompilerABI.cpp.o] ==> ignore
    arg [-lstdc++] ==> lib [stdc++]
    arg [-lm] ==> lib [m]
    arg [-lgcc_s] ==> lib [gcc_s]
    arg [-lgcc] ==> lib [gcc]
    arg [-lc] ==> lib [c]
    arg [-lgcc_s] ==> lib [gcc_s]
    arg [-lgcc] ==> lib [gcc]
    arg [/usr/lib/gcc/x86_64-redhat-linux/4.1.2/crtend.o] ==> ignore
    arg [/usr/lib/gcc/x86_64-redhat-linux/4.1.2/../../../../lib64/crtn.o] ==> ignore
  remove lib [gcc_s]
  remove lib [gcc]
  remove lib [gcc_s]
  remove lib [gcc]
  collapse library dir [/usr/lib/gcc/x86_64-redhat-linux/4.1.2] ==> [/usr/lib/gcc/x86_64-redhat-linux/4.1.2]
  collapse library dir [/usr/lib/gcc/x86_64-redhat-linux/4.1.2] ==> [/usr/lib/gcc/x86_64-redhat-linux/4.1.2]
  collapse library dir [/usr/lib/gcc/x86_64-redhat-linux/4.1.2/../../../../lib64] ==> [/usr/lib64]
  collapse library dir [/lib/../lib64] ==> [/lib64]
  collapse library dir [/usr/lib/../lib64] ==> [/usr/lib64]
  implicit libs: [stdc++;m;c]
  implicit dirs: [/usr/lib/gcc/x86_64-redhat-linux/4.1.2;/usr/lib64;/lib64]
  implicit fwks: []


Determining if the include file pthread.h exists passed with the following output:
Change Dir: /home/demo/myGit/SystemC-Examples/units/tb_mod/source/sc/tb_reference/plain_C/build/CMakeFiles/CMakeTmp

Run Build Command:"/usr/bin/gmake" "cmTC_81204/fast"
/usr/bin/gmake -f CMakeFiles/cmTC_81204.dir/build.make CMakeFiles/cmTC_81204.dir/build
gmake[1]: Entering directory `/home/demo/myGit/SystemC-Examples/units/tb_mod/source/sc/tb_reference/plain_C/build/CMakeFiles/CMakeTmp'
Building C object CMakeFiles/cmTC_81204.dir/CheckIncludeFile.c.o
/usr/bin/cc     -o CMakeFiles/cmTC_81204.dir/CheckIncludeFile.c.o   -c /home/demo/myGit/SystemC-Examples/units/tb_mod/source/sc/tb_reference/plain_C/build/CMakeFiles/CMakeTmp/CheckIncludeFile.c
Linking C executable cmTC_81204
/home/demo/tools/cmake-3.6.1-Linux-x86_64/bin/cmake -E cmake_link_script CMakeFiles/cmTC_81204.dir/link.txt --verbose=1
/usr/bin/cc       CMakeFiles/cmTC_81204.dir/CheckIncludeFile.c.o  -o cmTC_81204 -rdynamic 
gmake[1]: Leaving directory `/home/demo/myGit/SystemC-Examples/units/tb_mod/source/sc/tb_reference/plain_C/build/CMakeFiles/CMakeTmp'


Determining if the function pthread_create exists in the pthread passed with the following output:
Change Dir: /home/demo/myGit/SystemC-Examples/units/tb_mod/source/sc/tb_reference/plain_C/build/CMakeFiles/CMakeTmp

Run Build Command:"/usr/bin/gmake" "cmTC_17beb/fast"
/usr/bin/gmake -f CMakeFiles/cmTC_17beb.dir/build.make CMakeFiles/cmTC_17beb.dir/build
gmake[1]: Entering directory `/home/demo/myGit/SystemC-Examples/units/tb_mod/source/sc/tb_reference/plain_C/build/CMakeFiles/CMakeTmp'
Building C object CMakeFiles/cmTC_17beb.dir/CheckFunctionExists.c.o
/usr/bin/cc    -DCHECK_FUNCTION_EXISTS=pthread_create   -o CMakeFiles/cmTC_17beb.dir/CheckFunctionExists.c.o   -c /home/demo/tools/cmake-3.6.1-Linux-x86_64/share/cmake-3.6/Modules/CheckFunctionExists.c
Linking C executable cmTC_17beb
/home/demo/tools/cmake-3.6.1-Linux-x86_64/bin/cmake -E cmake_link_script CMakeFiles/cmTC_17beb.dir/link.txt --verbose=1
/usr/bin/cc   -DCHECK_FUNCTION_EXISTS=pthread_create    CMakeFiles/cmTC_17beb.dir/CheckFunctionExists.c.o  -o cmTC_17beb -rdynamic -lpthread 
gmake[1]: Leaving directory `/home/demo/myGit/SystemC-Examples/units/tb_mod/source/sc/tb_reference/plain_C/build/CMakeFiles/CMakeTmp'


