Determining if the pthread_create exist failed with the following output:
Change Dir: /home/demo/myGit/SystemC-Examples/units/tb_mod/source/sc/tb_reference/plain_C/build/CMakeFiles/CMakeTmp

Run Build Command:"/usr/bin/gmake" "cmTC_ff339/fast"
/usr/bin/gmake -f CMakeFiles/cmTC_ff339.dir/build.make CMakeFiles/cmTC_ff339.dir/build
gmake[1]: Entering directory `/home/demo/myGit/SystemC-Examples/units/tb_mod/source/sc/tb_reference/plain_C/build/CMakeFiles/CMakeTmp'
Building C object CMakeFiles/cmTC_ff339.dir/CheckSymbolExists.c.o
/usr/bin/cc     -o CMakeFiles/cmTC_ff339.dir/CheckSymbolExists.c.o   -c /home/demo/myGit/SystemC-Examples/units/tb_mod/source/sc/tb_reference/plain_C/build/CMakeFiles/CMakeTmp/CheckSymbolExists.c
Linking C executable cmTC_ff339
/home/demo/tools/cmake-3.6.1-Linux-x86_64/bin/cmake -E cmake_link_script CMakeFiles/cmTC_ff339.dir/link.txt --verbose=1
/usr/bin/cc       CMakeFiles/cmTC_ff339.dir/CheckSymbolExists.c.o  -o cmTC_ff339 -rdynamic 
CMakeFiles/cmTC_ff339.dir/CheckSymbolExists.c.o: In function `main':
CheckSymbolExists.c:(.text+0x18): undefined reference to `pthread_create'
collect2: ld returned 1 exit status
gmake[1]: *** [cmTC_ff339] Error 1
gmake[1]: Leaving directory `/home/demo/myGit/SystemC-Examples/units/tb_mod/source/sc/tb_reference/plain_C/build/CMakeFiles/CMakeTmp'
gmake: *** [cmTC_ff339/fast] Error 2

File /home/demo/myGit/SystemC-Examples/units/tb_mod/source/sc/tb_reference/plain_C/build/CMakeFiles/CMakeTmp/CheckSymbolExists.c:
/* */
#include <pthread.h>

int main(int argc, char** argv)
{
  (void)argv;
#ifndef pthread_create
  return ((int*)(&pthread_create))[argc];
#else
  (void)argc;
  return 0;
#endif
}

Determining if the function pthread_create exists in the pthreads failed with the following output:
Change Dir: /home/demo/myGit/SystemC-Examples/units/tb_mod/source/sc/tb_reference/plain_C/build/CMakeFiles/CMakeTmp

Run Build Command:"/usr/bin/gmake" "cmTC_36dcb/fast"
/usr/bin/gmake -f CMakeFiles/cmTC_36dcb.dir/build.make CMakeFiles/cmTC_36dcb.dir/build
gmake[1]: Entering directory `/home/demo/myGit/SystemC-Examples/units/tb_mod/source/sc/tb_reference/plain_C/build/CMakeFiles/CMakeTmp'
Building C object CMakeFiles/cmTC_36dcb.dir/CheckFunctionExists.c.o
/usr/bin/cc    -DCHECK_FUNCTION_EXISTS=pthread_create   -o CMakeFiles/cmTC_36dcb.dir/CheckFunctionExists.c.o   -c /home/demo/tools/cmake-3.6.1-Linux-x86_64/share/cmake-3.6/Modules/CheckFunctionExists.c
Linking C executable cmTC_36dcb
/home/demo/tools/cmake-3.6.1-Linux-x86_64/bin/cmake -E cmake_link_script CMakeFiles/cmTC_36dcb.dir/link.txt --verbose=1
/usr/bin/cc   -DCHECK_FUNCTION_EXISTS=pthread_create    CMakeFiles/cmTC_36dcb.dir/CheckFunctionExists.c.o  -o cmTC_36dcb -rdynamic -lpthreads 
/usr/bin/ld: cannot find -lpthreads
collect2: ld returned 1 exit status
gmake[1]: *** [cmTC_36dcb] Error 1
gmake[1]: Leaving directory `/home/demo/myGit/SystemC-Examples/units/tb_mod/source/sc/tb_reference/plain_C/build/CMakeFiles/CMakeTmp'
gmake: *** [cmTC_36dcb/fast] Error 2


